<?xml version="1.0" encoding="UTF-8"?>
<testsuite xmlns:xsi="http://www.w3.org/2001/XMLSchema-instance" xsi:noNamespaceSchemaLocation="https://maven.apache.org/surefire/maven-surefire-plugin/xsd/surefire-test-report.xsd" name="domain.PetTest" time="0.782" tests="5" errors="0" skipped="0" failures="0">
  <properties>
[...]
</properties>
  <testcase name="findAll" classname="domain.PetTest" time="0.142"/>
  <testcase name="findByID" classname="domain.PetTest" time="0.293"/>
  <testcase name="ownership" classname="domain.PetTest" time="0.154"/>
  <testcase name="implementsEquals" classname="domain.PetTest" time="0.066"/>
  <testcase name="petCreation" classname="domain.PetTest" time="0.124"/>
</testsuite>